2024-12-14 13:31:53,442 - datasets - INFO - PyTorch version 2.1.0 available.
2024-12-14 13:31:54,050 - sentence_transformers.SentenceTransformer - INFO - Use pytorch device_name: cpu
2024-12-14 13:31:54,055 - sentence_transformers.SentenceTransformer - INFO - Load pretrained SentenceTransformer: all-MiniLM-L6-v2
2024-12-14 13:31:58,052 - chromadb.telemetry.posthog - INFO - Anonymized telemetry enabled. See https://docs.trychroma.com/telemetry for more information.
2024-12-14 13:31:58,272 - chromadb.telemetry.posthog - INFO - Anonymized telemetry enabled. See https://docs.trychroma.com/telemetry for more information.
2024-12-14 13:31:58,287 - sentence_transformers.SentenceTransformer - INFO - Use pytorch device_name: cpu
2024-12-14 13:31:58,288 - sentence_transformers.SentenceTransformer - INFO - Load pretrained SentenceTransformer: all-MiniLM-L6-v2
2024-12-14 13:32:01,071 - chromadb.telemetry.posthog - INFO - Anonymized telemetry enabled. See https://docs.trychroma.com/telemetry for more information.
2024-12-14 13:32:01,083 - chromadb.telemetry.posthog - INFO - Anonymized telemetry enabled. See https://docs.trychroma.com/telemetry for more information.
2024-12-14 13:32:01,096 - app.controllers.main_controller - INFO - ChatbotController initialized
2024-12-14 13:32:01,100 - sentence_transformers.SentenceTransformer - INFO - Use pytorch device_name: cpu
2024-12-14 13:32:01,100 - sentence_transformers.SentenceTransformer - INFO - Load pretrained SentenceTransformer: all-MiniLM-L6-v2
2024-12-14 13:32:04,814 - chromadb.telemetry.posthog - INFO - Anonymized telemetry enabled. See https://docs.trychroma.com/telemetry for more information.
2024-12-14 13:32:04,823 - chromadb.telemetry.posthog - INFO - Anonymized telemetry enabled. See https://docs.trychroma.com/telemetry for more information.
2024-12-14 13:32:04,833 - app.controllers.main_controller - INFO - ChatbotController initialized
2024-12-14 13:32:04,837 - sentence_transformers.SentenceTransformer - INFO - Use pytorch device_name: cpu
2024-12-14 13:32:04,837 - sentence_transformers.SentenceTransformer - INFO - Load pretrained SentenceTransformer: all-MiniLM-L6-v2
2024-12-14 13:32:07,645 - chromadb.telemetry.posthog - INFO - Anonymized telemetry enabled. See https://docs.trychroma.com/telemetry for more information.
2024-12-14 13:32:07,664 - chromadb.telemetry.posthog - INFO - Anonymized telemetry enabled. See https://docs.trychroma.com/telemetry for more information.
2024-12-14 13:32:07,680 - app.controllers.main_controller - INFO - ChatbotController initialized
2024-12-14 13:32:07,703 - werkzeug - WARNING -  * Debugger is active!
2024-12-14 13:32:07,724 - werkzeug - INFO -  * Debugger PIN: 636-459-418
2024-12-14 13:32:08,419 - werkzeug - INFO -  * Running on http://127.0.0.1:5000/ (Press CTRL+C to quit)
2024-12-14 13:33:19,584 - werkzeug - INFO -  * Detected change in 'C:\\Users\\DELL\\Desktop\\bot\\corporate_chatbot\\app\\controllers\\main_controller.py', reloading
2024-12-14 13:33:19,588 - werkzeug - INFO -  * Detected change in 'C:\\Users\\DELL\\Desktop\\bot\\corporate_chatbot\\app\\controllers\\main_controller.py', reloading
2024-12-14 13:33:20,577 - werkzeug - INFO -  * Detected change in 'C:\\Users\\DELL\\Desktop\\bot\\corporate_chatbot\\app\\controllers\\main_controller.py', reloading
2024-12-14 13:33:20,578 - werkzeug - INFO -  * Detected change in 'C:\\Users\\DELL\\Desktop\\bot\\corporate_chatbot\\app\\controllers\\main_controller.py', reloading
2024-12-14 13:33:21,053 - werkzeug - INFO -  * Detected change in 'C:\\Users\\DELL\\Desktop\\bot\\corporate_chatbot\\app\\controllers\\main_controller.py', reloading
2024-12-14 13:33:21,333 - werkzeug - INFO -  * Detected change in 'C:\\Users\\DELL\\Desktop\\bot\\corporate_chatbot\\app\\controllers\\main_controller.py', reloading
